[{"stream_name":"stderr","time":5.879245567,"data":"0.00s - Debugger warning: It seems that frozen modules are being used, which may\n"}
,{"stream_name":"stderr","time":5.879320164,"data":"0.00s - make the debugger miss breakpoints. Please pass -Xfrozen_modules=off\n"}
,{"stream_name":"stderr","time":5.879327336,"data":"0.00s - to python to disable frozen modules.\n"}
,{"stream_name":"stderr","time":5.879331696,"data":"0.00s - Note: Debugging will proceed. Set PYDEVD_DISABLE_FILE_VALIDATION=1 to disable this validation.\n"}
,{"stream_name":"stderr","time":6.496175892,"data":"0.00s - Debugger warning: It seems that frozen modules are being used, which may\n"}
,{"stream_name":"stderr","time":6.496234371,"data":"0.00s - make the debugger miss breakpoints. Please pass -Xfrozen_modules=off\n"}
,{"stream_name":"stderr","time":6.4962412480000005,"data":"0.00s - to python to disable frozen modules.\n"}
,{"stream_name":"stderr","time":6.496245748,"data":"0.00s - Note: Debugging will proceed. Set PYDEVD_DISABLE_FILE_VALIDATION=1 to disable this validation.\n"}
,{"stream_name":"stdout","time":18.810368597,"data":"\n"}
,{"stream_name":"stdout","time":18.810436489,"data":"  \u003e Tuning LogisticRegression (1 trials) ...\n"}
,{"stream_name":"stdout","time":19.849890644,"data":"Best Val AUC: 0.7722\n"}
,{"stream_name":"stdout","time":19.849943348,"data":"Best Params:  {}\n"}
,{"stream_name":"stdout","time":19.84995181,"data":"\n"}
,{"stream_name":"stdout","time":19.849959104,"data":"  \u003e Tuning DecisionTree (100 trials) ...\n"}
,{"stream_name":"stdout","time":117.290614573,"data":"Best Val AUC: 0.7631\n"}
,{"stream_name":"stdout","time":117.290656448,"data":"Best Params:  {'max_depth': 6, 'min_samples_leaf': 18, 'max_features': None}\n"}
,{"stream_name":"stdout","time":117.290662074,"data":"\n"}
,{"stream_name":"stdout","time":117.29066638,"data":"  \u003e Tuning RandomForest (100 trials) ...\n"}
,{"stream_name":"stdout","time":1193.636219349,"data":"Best Val AUC: 0.7713\n"}
,{"stream_name":"stdout","time":1193.636267634,"data":"Best Params:  {'n_estimators': 300, 'max_depth': 12, 'min_samples_leaf': 20, 'max_features': 'sqrt', 'max_samples': 0.5}\n"}
,{"stream_name":"stdout","time":1193.636272753,"data":"\n"}
,{"stream_name":"stdout","time":1193.636276118,"data":"  \u003e Tuning XGBoost (100 trials) ...\n"}
,{"stream_name":"stdout","time":1274.802197471,"data":"Best Val AUC: 0.7732\n"}
,{"stream_name":"stdout","time":1274.802253293,"data":"Best Params:  {'max_depth': 3, 'learning_rate': 0.074889480576394, 'subsample': 0.8720880295855091, 'colsample_bytree': 0.8674368023991255, 'min_child_weight': 9, 'reg_lambda': 0.13845243088599013}\n"}
,{"stream_name":"stdout","time":1274.802263027,"data":"\n"}
,{"stream_name":"stdout","time":1274.802268149,"data":"  \u003e Tuning LightGBM (100 trials) ...\n"}
,{"stream_name":"stderr","time":1275.442958853,"data":"1 warning generated.\n"}
,{"stream_name":"stderr","time":1275.614862308,"data":"1 warning generated.\n"}
,{"stream_name":"stderr","time":1275.645832414,"data":"1 warning generated.\n"}
,{"stream_name":"stderr","time":1275.645924298,"data":"1 warning generated.\n"}
,{"stream_name":"stderr","time":1275.645933671,"data":"\n"}
,{"stream_name":"stderr","time":1275.645939129,"data":"1 warning generated.\n"}
,{"stream_name":"stderr","time":1275.645944763,"data":"1 warning generated.\n"}
,{"stream_name":"stderr","time":1275.742252679,"data":"1 warning generated.\n"}
,{"stream_name":"stderr","time":1275.850824906,"data":"1 warning generated.\n"}
,{"stream_name":"stderr","time":1275.94534166,"data":"1 warning generated.\n"}
,{"stream_name":"stderr","time":1275.945388898,"data":"1 warning generated.\n"}
,{"stream_name":"stderr","time":1275.945409745,"data":"\n"}
,{"stream_name":"stderr","time":1275.945413846,"data":"1 warning generated.\n"}
,{"stream_name":"stderr","time":1275.945417622,"data":"1 warning generated.\n"}
,{"stream_name":"stderr","time":1275.988912991,"data":"1 warning generated.\n"}
,{"stream_name":"stderr","time":1276.125266956,"data":"1 warning generated.\n"}
,{"stream_name":"stderr","time":1276.191751412,"data":"1 warning generated.\n"}
,{"stream_name":"stderr","time":1276.191799633,"data":"1 warning generated.\n"}
,{"stream_name":"stderr","time":1276.191803752,"data":"\n"}
,{"stream_name":"stderr","time":1276.191806105,"data":"1 warning generated.\n"}
,{"stream_name":"stderr","time":1276.191808457,"data":"1 warning generated.\n"}
,{"stream_name":"stderr","time":1276.216001374,"data":"1 warning generated.\n"}
,{"stream_name":"stderr","time":1276.335833104,"data":"1 warning generated.\n"}
,{"stream_name":"stderr","time":1276.418940858,"data":"1 warning generated.\n"}
,{"stream_name":"stderr","time":1276.41900694,"data":"1 warning generated.\n"}
,{"stream_name":"stderr","time":1276.419013462,"data":"\n"}
,{"stream_name":"stderr","time":1276.419017997,"data":"1 warning generated.\n"}
,{"stream_name":"stderr","time":1276.419023135,"data":"1 warning generated.\n"}
,{"stream_name":"stderr","time":1276.450426669,"data":"1 warning generated.\n"}
,{"stream_name":"stderr","time":1276.589939083,"data":"1 warning generated.\n"}
,{"stream_name":"stderr","time":1276.652706891,"data":"1 warning generated.\n"}
,{"stream_name":"stderr","time":1276.652746587,"data":"1 warning generated.\n"}
,{"stream_name":"stderr","time":1276.652753679,"data":"\n"}
,{"stream_name":"stderr","time":1276.652758253,"data":"1 warning generated.\n"}
,{"stream_name":"stderr","time":1276.652762431,"data":"1 warning generated.\n"}
,{"stream_name":"stderr","time":1276.712570442,"data":"1 warning generated.\n"}
,{"stream_name":"stderr","time":1276.830854112,"data":"1 warning generated.\n"}
,{"stream_name":"stderr","time":1276.913492125,"data":"1 warning generated.\n"}
,{"stream_name":"stderr","time":1276.915465765,"data":"1 warning generated.\n"}
,{"stream_name":"stderr","time":1276.915495337,"data":"1 warning generated.\n"}
,{"stream_name":"stderr","time":1276.915500507,"data":"\n"}
,{"stream_name":"stderr","time":1276.915504126,"data":"1 warning generated.\n"}
,{"stream_name":"stderr","time":1276.915511975,"data":"1 warning generated.\n"}
,{"stream_name":"stderr","time":1277.039060431,"data":"1 warning generated.\n"}
,{"stream_name":"stderr","time":1277.116303156,"data":"1 warning generated.\n"}
,{"stream_name":"stderr","time":1277.116334166,"data":"1 warning generated.\n"}
,{"stream_name":"stderr","time":1277.116338751,"data":"\n"}
,{"stream_name":"stderr","time":1277.116342756,"data":"1 warning generated.\n"}
,{"stream_name":"stderr","time":1277.116346428,"data":"1 warning generated.\n"}
,{"stream_name":"stderr","time":1277.181222244,"data":"1 warning generated.\n"}
,{"stream_name":"stderr","time":1277.298638173,"data":"1 warning generated.\n"}
,{"stream_name":"stderr","time":1277.383687034,"data":"1 warning generated.\n"}
,{"stream_name":"stderr","time":1277.383734909,"data":"1 warning generated.\n"}
,{"stream_name":"stderr","time":1277.383741018,"data":"\n"}
,{"stream_name":"stderr","time":1277.383745296,"data":"1 warning generated.\n"}
,{"stream_name":"stderr","time":1277.383749549,"data":"1 warning generated.\n"}
,{"stream_name":"stderr","time":1277.411528104,"data":"1 warning generated.\n"}
,{"stream_name":"stderr","time":1277.542466911,"data":"1 warning generated.\n"}
,{"stream_name":"stderr","time":1277.61437306,"data":"1 warning generated.\n"}
,{"stream_name":"stderr","time":1277.614417545,"data":"1 warning generated.\n"}
,{"stream_name":"stderr","time":1277.614422653,"data":"\n"}
,{"stream_name":"stderr","time":1277.61442568,"data":"1 warning generated.\n"}
,{"stream_name":"stderr","time":1277.614428419,"data":"1 warning generated.\n"}
,{"stream_name":"stderr","time":1277.663634927,"data":"1 warning generated.\n"}
,{"stream_name":"stderr","time":1277.777585019,"data":"1 warning generated.\n"}
,{"stream_name":"stderr","time":1277.86614873,"data":"1 warning generated.\n"}
,{"stream_name":"stderr","time":1277.866216911,"data":"1 warning generated.\n"}
,{"stream_name":"stderr","time":1277.866224611,"data":"\n"}
,{"stream_name":"stderr","time":1277.866229564,"data":"1 warning generated.\n"}
,{"stream_name":"stderr","time":1277.86623355,"data":"1 warning generated.\n"}
,{"stream_name":"stderr","time":1277.90114877,"data":"1 warning generated.\n"}
,{"stream_name":"stderr","time":1278.014304194,"data":"1 warning generated.\n"}
,{"stream_name":"stderr","time":1278.103980481,"data":"1 warning generated.\n"}
,{"stream_name":"stderr","time":1278.10402208,"data":"1 warning generated.\n"}
,{"stream_name":"stderr","time":1278.104028528,"data":"\n"}
,{"stream_name":"stderr","time":1278.104135068,"data":"1 warning generated.\n"}
,{"stream_name":"stderr","time":1278.104157717,"data":"1 warning generated.\n"}
,{"stream_name":"stderr","time":1278.147352221,"data":"1 warning generated.\n"}
,{"stream_name":"stderr","time":1278.277135955,"data":"1 warning generated.\n"}
,{"stream_name":"stderr","time":1278.349769868,"data":"1 warning generated.\n"}
,{"stream_name":"stderr","time":1278.349818267,"data":"1 warning generated.\n"}
,{"stream_name":"stderr","time":1278.349824475,"data":"\n"}
,{"stream_name":"stderr","time":1278.349828403,"data":"1 warning generated.\n"}
,{"stream_name":"stderr","time":1278.349832669,"data":"1 warning generated.\n"}
,{"stream_name":"stderr","time":1278.403203302,"data":"1 warning generated.\n"}
,{"stream_name":"stderr","time":1278.514705768,"data":"1 warning generated.\n"}
,{"stream_name":"stderr","time":1278.605591542,"data":"1 warning generated.\n"}
,{"stream_name":"stderr","time":1278.605628329,"data":"1 warning generated.\n"}
,{"stream_name":"stderr","time":1278.605633947,"data":"\n"}
,{"stream_name":"stderr","time":1278.605638009,"data":"1 warning generated.\n"}
,{"stream_name":"stderr","time":1278.60564205,"data":"1 warning generated.\n"}
,{"stream_name":"stderr","time":1278.639853559,"data":"1 warning generated.\n"}
,{"stream_name":"stderr","time":1278.756922808,"data":"1 warning generated.\n"}
,{"stream_name":"stderr","time":1278.842798862,"data":"1 warning generated.\n"}
,{"stream_name":"stderr","time":1278.842843545,"data":"1 warning generated.\n"}
,{"stream_name":"stderr","time":1278.842848032,"data":"\n"}
,{"stream_name":"stderr","time":1278.842850551,"data":"1 warning generated.\n"}
,{"stream_name":"stderr","time":1278.842853125,"data":"1 warning generated.\n"}
,{"stream_name":"stderr","time":1278.884169145,"data":"1 warning generated.\n"}
,{"stream_name":"stderr","time":1279.006888864,"data":"1 warning generated.\n"}
,{"stream_name":"stderr","time":1279.086833306,"data":"1 warning generated.\n"}
,{"stream_name":"stderr","time":1279.086906535,"data":"1 warning generated.\n"}
,{"stream_name":"stderr","time":1279.086912506,"data":"\n"}
,{"stream_name":"stderr","time":1279.086916416,"data":"1 warning generated.\n"}
,{"stream_name":"stderr","time":1279.086938408,"data":"1 warning generated.\n"}
,{"stream_name":"stderr","time":1279.118616737,"data":"1 warning generated.\n"}
,{"stream_name":"stderr","time":1279.245051999,"data":"1 warning generated.\n"}
,{"stream_name":"stderr","time":1279.321013215,"data":"1 warning generated.\n"}
,{"stream_name":"stderr","time":1279.321045932,"data":"1 warning generated.\n"}
,{"stream_name":"stderr","time":1279.321050987,"data":"\n"}
,{"stream_name":"stderr","time":1279.321054624,"data":"1 warning generated.\n"}
,{"stream_name":"stderr","time":1279.32105866,"data":"1 warning generated.\n"}
,{"stream_name":"stderr","time":1279.373994597,"data":"1 warning generated.\n"}
,{"stream_name":"stderr","time":1279.583292004,"data":"1 warning generated.\n"}
,{"stream_name":"stderr","time":1279.583323504,"data":"\n"}
,{"stream_name":"stderr","time":1279.583327457,"data":"1 warning generated.\n"}
,{"stream_name":"stdout","time":1469.407834186,"data":"Best Val AUC: 0.7729\n"}
,{"stream_name":"stdout","time":1469.407910405,"data":"Best Params:  {'num_leaves': 56, 'max_depth': 3, 'learning_rate': 0.07226433300814325, 'subsample': 0.7056764004127146, 'colsample_bytree': 0.7651973182706556, 'min_child_samples': 78, 'reg_lambda': 0.2945438235902744}\n"}
,{"stream_name":"stdout","time":1469.407921399,"data":"\n"}
,{"stream_name":"stdout","time":1469.407926453,"data":"  \u003e Tuning CatBoost (100 trials) ...\n"}
,{"stream_name":"stdout","time":1854.655075994,"data":"Best Val AUC: 0.7734\n"}
,{"stream_name":"stdout","time":1854.655122069,"data":"Best Params:  {'depth': 7, 'learning_rate': 0.01598472322727409, 'l2_leaf_reg': 3.241864131299553, 'random_strength': 1.0505324626869947}\n"}
,{"stream_name":"stdout","time":1856.376926952,"data":"\n"}
,{"stream_name":"stdout","time":1856.376971477,"data":"\u003e LogisticRegression\n"}
,{"stream_name":"stdout","time":1856.376987179,"data":"  Val AUC:  0.7722\n"}
,{"stream_name":"stdout","time":1856.376992108,"data":"  Test Acc: 0.7036 | Test AUC: 0.7812 | Test F1: 0.7012\n"}
,{"stream_name":"stdout","time":1857.545362273,"data":"\n"}
,{"stream_name":"stdout","time":1857.545404148,"data":"\u003e DecisionTree\n"}
,{"stream_name":"stdout","time":1857.545410293,"data":"  Val AUC:  0.7631\n"}
,{"stream_name":"stdout","time":1857.54541473,"data":"  Test Acc: 0.6996 | Test AUC: 0.7743 | Test F1: 0.6938\n"}
,{"stream_name":"stdout","time":1871.892846439,"data":"\n"}
,{"stream_name":"stdout","time":1871.8929068,"data":"\u003e RandomForest\n"}
,{"stream_name":"stdout","time":1871.89291338,"data":"  Val AUC:  0.7713\n"}
,{"stream_name":"stdout","time":1871.892918157,"data":"  Test Acc: 0.7033 | Test AUC: 0.7801 | Test F1: 0.6997\n"}
,{"stream_name":"stdout","time":1872.685960455,"data":"\n"}
,{"stream_name":"stdout","time":1872.685999127,"data":"\u003e XGBoost\n"}
,{"stream_name":"stdout","time":1872.686006748,"data":"  Val AUC:  0.7732\n"}
,{"stream_name":"stdout","time":1872.686013296,"data":"  Test Acc: 0.7033 | Test AUC: 0.7819 | Test F1: 0.6986\n"}
,{"stream_name":"stdout","time":1873.863585402,"data":"\n"}
,{"stream_name":"stdout","time":1873.863624826,"data":"\u003e LightGBM\n"}
,{"stream_name":"stdout","time":1873.863631456,"data":"  Val AUC:  0.7729\n"}
,{"stream_name":"stdout","time":1873.863636935,"data":"  Test Acc: 0.7042 | Test AUC: 0.7818 | Test F1: 0.7001\n"}
,{"stream_name":"stdout","time":1877.600455595,"data":"\n"}
,{"stream_name":"stdout","time":1877.600502353,"data":"\u003e CatBoost\n"}
,{"stream_name":"stdout","time":1877.600509741,"data":"  Val AUC:  0.7734\n"}
,{"stream_name":"stdout","time":1877.600514812,"data":"  Test Acc: 0.7035 | Test AUC: 0.7824 | Test F1: 0.7002\n"}
,{"stream_name":"stdout","time":1877.661187479,"data":"\n"}
,{"stream_name":"stdout","time":1877.661212322,"data":"============================================================\n"}
,{"stream_name":"stdout","time":1877.661217158,"data":"4. NUMERIC MODEL COMPARISON\n"}
,{"stream_name":"stdout","time":1877.66122121,"data":"============================================================\n"}
,{"stream_name":"stdout","time":1877.80568392,"data":"Best model by Test AUC: CatBoost\n"}
,{"stream_name":"stdout","time":1877.805712682,"data":"Logistic Regression Test AUC: 0.7812\n"}
,{"stream_name":"stdout","time":1877.805718232,"data":"Best Model Test AUC: 0.7824\n"}
,{"stream_name":"stdout","time":1877.805723608,"data":"AUC gap (Best - Logistic): +0.0012\n"}
,{"stream_name":"stdout","time":1879.411897123,"data":"\n"}
,{"stream_name":"stdout","time":1879.411926907,"data":"Classification Report: Best Model\n"}
,{"stream_name":"stdout","time":1879.41193252,"data":"              precision    recall  f1-score   support\n"}
,{"stream_name":"stdout","time":1879.41193666,"data":"\n"}
,{"stream_name":"stdout","time":1879.411940324,"data":"     Red Win       0.70      0.71      0.71      6854\n"}
,{"stream_name":"stdout","time":1879.411944079,"data":"    Blue Win       0.71      0.69      0.70      6856\n"}
,{"stream_name":"stdout","time":1879.411948257,"data":"\n"}
,{"stream_name":"stdout","time":1879.411951897,"data":"    accuracy                           0.70     13710\n"}
,{"stream_name":"stdout","time":1879.411955722,"data":"   macro avg       0.70      0.70      0.70     13710\n"}
,{"stream_name":"stdout","time":1879.411959385,"data":"weighted avg       0.70      0.70      0.70     13710\n"}
,{"stream_name":"stdout","time":1879.411963181,"data":"\n"}
,{"stream_name":"stdout","time":1879.411966825,"data":"\n"}
,{"stream_name":"stdout","time":1879.411970358,"data":"Classification Report: Logistic Regression\n"}
,{"stream_name":"stdout","time":1879.411973987,"data":"              precision    recall  f1-score   support\n"}
,{"stream_name":"stdout","time":1879.411977944,"data":"\n"}
,{"stream_name":"stdout","time":1879.411981458,"data":"     Red Win       0.70      0.71      0.71      6854\n"}
,{"stream_name":"stdout","time":1879.411985021,"data":"    Blue Win       0.71      0.70      0.70      6856\n"}
,{"stream_name":"stdout","time":1879.411988553,"data":"\n"}
,{"stream_name":"stdout","time":1879.411992045,"data":"    accuracy                           0.70     13710\n"}
,{"stream_name":"stdout","time":1879.411995815,"data":"   macro avg       0.70      0.70      0.70     13710\n"}
,{"stream_name":"stdout","time":1879.411999506,"data":"weighted avg       0.70      0.70      0.70     13710\n"}
,{"stream_name":"stdout","time":1879.412003221,"data":"\n"}
,{"stream_name":"stdout","time":1881.875875319,"data":"\n"}
,{"stream_name":"stdout","time":1881.875928872,"data":"============================================================\n"}
,{"stream_name":"stdout","time":1881.875935941,"data":"5. Training the final selected model on TRAIN + VALIDATION ...\n"}
,{"stream_name":"stdout","time":1881.875940418,"data":"============================================================\n"}
,{"stream_name":"stdout","time":1885.526697093,"data":"\n"}
,{"stream_name":"stdout","time":1885.526749607,"data":"Numeric Conclusion:\n"}
,{"stream_name":"stdout","time":1885.52676125,"data":"LogisticRegression Test AUC=0.7812; Best Model=CatBoost; Best Model final Test AUC=0.7824; AUC gap=+0.0012; Best Model Accuracy=0.7034; Best Model F1=0.7001.\n"}
,{"stream_name":"stdout","time":1885.526769054,"data":"\n"}
,{"stream_name":"stdout","time":1885.52679004,"data":"Final model saved to: outputs/aggregate_only/final_best_model.joblib\n"}
,{"stream_name":"stdout","time":1885.526795516,"data":"Final metrics saved to: outputs/aggregate_only/final_metrics.csv\n"}
,{"stream_name":"stderr","time":1889.455428461,"data":"/usr/local/lib/python3.12/dist-packages/mistune.py:435: SyntaxWarning: invalid escape sequence '\\|'\n"}
,{"stream_name":"stderr","time":1889.455471529,"data":"  cells[i][c] = re.sub('\\\\\\\\\\|', '|', cell)\n"}
,{"stream_name":"stderr","time":1889.606928801,"data":"/usr/local/lib/python3.12/dist-packages/nbconvert/filters/filter_links.py:36: SyntaxWarning: invalid escape sequence '\\_'\n"}
,{"stream_name":"stderr","time":1889.606967446,"data":"  text = re.sub(r'_', '\\_', text) # Escape underscores in display text\n"}
,{"stream_name":"stderr","time":1890.207216264,"data":"[NbConvertApp] Converting notebook __notebook__.ipynb to notebook\n"}
,{"stream_name":"stderr","time":1890.560837149,"data":"[NbConvertApp] Writing 509051 bytes to __notebook__.ipynb\n"}
,{"stream_name":"stderr","time":1893.050793644,"data":"[NbConvertApp] Converting notebook __notebook__.ipynb to html\n"}
,{"stream_name":"stderr","time":1894.041498281,"data":"[NbConvertApp] Support files will be in __results___files/\n"}
,{"stream_name":"stderr","time":1894.041543611,"data":"[NbConvertApp] Making directory __results___files\n"}
,{"stream_name":"stderr","time":1894.041954899,"data":"[NbConvertApp] Making directory __results___files\n"}
,{"stream_name":"stderr","time":1894.042220245,"data":"[NbConvertApp] Making directory __results___files\n"}
,{"stream_name":"stderr","time":1894.042410521,"data":"[NbConvertApp] Making directory __results___files\n"}
,{"stream_name":"stderr","time":1894.042660042,"data":"[NbConvertApp] Making directory __results___files\n"}
,{"stream_name":"stderr","time":1894.04292612,"data":"[NbConvertApp] Making directory __results___files\n"}
,{"stream_name":"stderr","time":1894.043185429,"data":"[NbConvertApp] Writing 472682 bytes to __results__.html\n"}
]